<?xml version="1.0" encoding="UTF-8"?>
<testng-results ignored="0" total="2" passed="2" failed="0" skipped="0">
  <reporter-output>
  </reporter-output>
  <suite started-at="2021-09-26T01:33:35 BST" name="Suite" finished-at="2021-09-26T01:33:46 BST" duration-ms="10786">
    <groups>
    </groups>
    <test started-at="2021-09-26T01:33:35 BST" name="Test" finished-at="2021-09-26T01:33:46 BST" duration-ms="10786">
      <class name="tests.TestChallenge">
        <test-method is-config="true" signature="LaunchChallenage()[pri:0, instance:tests.TestChallenge@52feb982]" started-at="2021-09-26T01:33:35 BST" name="LaunchChallenage" finished-at="2021-09-26T01:33:38 BST" duration-ms="2579" status="PASS">
          <reporter-output>
          </reporter-output>
        </test-method> <!-- LaunchChallenage -->
        <test-method signature="ArraysChallenge()[pri:0, instance:tests.TestChallenge@52feb982]" started-at="2021-09-26T01:33:38 BST" name="ArraysChallenge" finished-at="2021-09-26T01:33:44 BST" duration-ms="5712" status="PASS">
          <reporter-output>
          </reporter-output>
        </test-method> <!-- ArraysChallenge -->
        <test-method is-config="true" signature="tearDown()[pri:0, instance:tests.TestChallenge@52feb982]" started-at="2021-09-26T01:33:44 BST" name="tearDown" finished-at="2021-09-26T01:33:44 BST" duration-ms="123" status="PASS">
          <reporter-output>
          </reporter-output>
        </test-method> <!-- tearDown -->
        <test-method is-config="true" signature="LaunchChallenage()[pri:0, instance:tests.TestChallenge@52feb982]" started-at="2021-09-26T01:33:44 BST" name="LaunchChallenage" finished-at="2021-09-26T01:33:46 BST" duration-ms="2245" status="PASS">
          <reporter-output>
          </reporter-output>
        </test-method> <!-- LaunchChallenage -->
        <test-method signature="DemoTest()[pri:0, instance:tests.TestChallenge@52feb982]" started-at="2021-09-26T01:33:46 BST" name="DemoTest" finished-at="2021-09-26T01:33:46 BST" duration-ms="0" status="PASS">
          <reporter-output>
          </reporter-output>
        </test-method> <!-- DemoTest -->
        <test-method is-config="true" signature="tearDown()[pri:0, instance:tests.TestChallenge@52feb982]" started-at="2021-09-26T01:33:46 BST" name="tearDown" finished-at="2021-09-26T01:33:46 BST" duration-ms="117" status="PASS">
          <reporter-output>
          </reporter-output>
        </test-method> <!-- tearDown -->
      </class> <!-- tests.TestChallenge -->
    </test> <!-- Test -->
  </suite> <!-- Suite -->
</testng-results>
