<?xml version="1.0" encoding="UTF-8"?>
<testng-results skipped="0" failed="0" ignored="0" total="2" passed="2">
  <reporter-output>
  </reporter-output>
  <suite name="Suite" duration-ms="11748" started-at="2021-09-26T00:06:27 BST" finished-at="2021-09-26T00:06:39 BST">
    <groups>
    </groups>
    <test name="Test" duration-ms="11748" started-at="2021-09-26T00:06:27 BST" finished-at="2021-09-26T00:06:39 BST">
      <class name="tests.TestChallenge">
        <test-method status="PASS" signature="LaunchChallenage()[pri:0, instance:tests.TestChallenge@631330c]" name="LaunchChallenage" is-config="true" duration-ms="3182" started-at="2021-09-26T00:06:27 BST" finished-at="2021-09-26T00:06:30 BST">
          <reporter-output>
          </reporter-output>
        </test-method> <!-- LaunchChallenage -->
        <test-method status="PASS" signature="ArraysChallenge()[pri:0, instance:tests.TestChallenge@631330c]" name="ArraysChallenge" duration-ms="5937" started-at="2021-09-26T00:06:30 BST" finished-at="2021-09-26T00:06:36 BST">
          <reporter-output>
          </reporter-output>
        </test-method> <!-- ArraysChallenge -->
        <test-method status="PASS" signature="tearDown()[pri:0, instance:tests.TestChallenge@631330c]" name="tearDown" is-config="true" duration-ms="131" started-at="2021-09-26T00:06:36 BST" finished-at="2021-09-26T00:06:36 BST">
          <reporter-output>
          </reporter-output>
        </test-method> <!-- tearDown -->
        <test-method status="PASS" signature="LaunchChallenage()[pri:0, instance:tests.TestChallenge@631330c]" name="LaunchChallenage" is-config="true" duration-ms="2278" started-at="2021-09-26T00:06:36 BST" finished-at="2021-09-26T00:06:39 BST">
          <reporter-output>
          </reporter-output>
        </test-method> <!-- LaunchChallenage -->
        <test-method status="PASS" signature="DemoTest()[pri:0, instance:tests.TestChallenge@631330c]" name="DemoTest" duration-ms="3" started-at="2021-09-26T00:06:39 BST" finished-at="2021-09-26T00:06:39 BST">
          <reporter-output>
          </reporter-output>
        </test-method> <!-- DemoTest -->
        <test-method status="PASS" signature="tearDown()[pri:0, instance:tests.TestChallenge@631330c]" name="tearDown" is-config="true" duration-ms="162" started-at="2021-09-26T00:06:39 BST" finished-at="2021-09-26T00:06:39 BST">
          <reporter-output>
          </reporter-output>
        </test-method> <!-- tearDown -->
      </class> <!-- tests.TestChallenge -->
    </test> <!-- Test -->
  </suite> <!-- Suite -->
</testng-results>
