<?xml version="1.0" encoding="UTF-8"?>
<testng-results ignored="0" total="2" passed="2" failed="0" skipped="0">
  <reporter-output>
  </reporter-output>
  <suite started-at="2021-09-26T00:16:13 BST" name="tests.TestChallenge" finished-at="2021-09-26T00:16:24 BST" duration-ms="10768">
    <groups>
    </groups>
    <test started-at="2021-09-26T00:16:13 BST" name="Command line test" finished-at="2021-09-26T00:16:24 BST" duration-ms="10768">
      <class name="tests.TestChallenge">
        <test-method is-config="true" signature="LaunchChallenage()[pri:0, instance:tests.TestChallenge@436e852b]" started-at="2021-09-26T00:16:13 BST" name="LaunchChallenage" finished-at="2021-09-26T00:16:16 BST" duration-ms="2676" status="PASS">
          <reporter-output>
          </reporter-output>
        </test-method> <!-- LaunchChallenage -->
        <test-method signature="ArraysChallenge()[pri:0, instance:tests.TestChallenge@436e852b]" started-at="2021-09-26T00:16:16 BST" name="ArraysChallenge" finished-at="2021-09-26T00:16:21 BST" duration-ms="5622" status="PASS">
          <reporter-output>
          </reporter-output>
        </test-method> <!-- ArraysChallenge -->
        <test-method is-config="true" signature="tearDown()[pri:0, instance:tests.TestChallenge@436e852b]" started-at="2021-09-26T00:16:21 BST" name="tearDown" finished-at="2021-09-26T00:16:21 BST" duration-ms="120" status="PASS">
          <reporter-output>
          </reporter-output>
        </test-method> <!-- tearDown -->
        <test-method is-config="true" signature="LaunchChallenage()[pri:0, instance:tests.TestChallenge@436e852b]" started-at="2021-09-26T00:16:21 BST" name="LaunchChallenage" finished-at="2021-09-26T00:16:24 BST" duration-ms="2220" status="PASS">
          <reporter-output>
          </reporter-output>
        </test-method> <!-- LaunchChallenage -->
        <test-method is-config="true" signature="tearDown()[pri:0, instance:tests.TestChallenge@436e852b]" started-at="2021-09-26T00:16:24 BST" name="tearDown" finished-at="2021-09-26T00:16:24 BST" duration-ms="119" status="PASS">
          <reporter-output>
          </reporter-output>
        </test-method> <!-- tearDown -->
        <test-method signature="DemoTest()[pri:0, instance:tests.TestChallenge@436e852b]" started-at="2021-09-26T00:16:24 BST" name="DemoTest" finished-at="2021-09-26T00:16:24 BST" duration-ms="0" status="PASS">
          <reporter-output>
          </reporter-output>
        </test-method> <!-- DemoTest -->
      </class> <!-- tests.TestChallenge -->
    </test> <!-- Command line test -->
  </suite> <!-- tests.TestChallenge -->
</testng-results>
